This file contains any messages produced by compilers while
running configure, to aid debugging if configure makes a mistake.

It was created by HTSlib configure 1.10.2, which was
generated by GNU Autoconf 2.68.  Invocation command line was

  $ ./configure --disable-libcurl

## --------- ##
## Platform. ##
## --------- ##

hostname = romain-laptop
uname -m = x86_64
uname -r = 5.4.15-arch1-1
uname -s = Linux
uname -v = #1 SMP PREEMPT Sun, 26 Jan 2020 09:48:50 +0000

/usr/bin/uname -p = unknown
/bin/uname -X     = unknown

/bin/arch              = unknown
/usr/bin/arch -k       = unknown
/usr/convex/getsysinfo = unknown
/usr/bin/hostinfo      = unknown
/bin/machine           = unknown
/usr/bin/oslevel       = unknown
/bin/universe          = unknown

PATH: /home/romain/software/miniconda3/envs/bioinfo/bin
PATH: /home/romain/software/miniconda3/condabin
PATH: /usr/local/bin
PATH: /usr/bin
PATH: /bin
PATH: /usr/local/sbin
PATH: /usr/bin/site_perl
PATH: /usr/bin/vendor_perl
PATH: /usr/bin/core_perl


## ----------- ##
## Core tests. ##
## ----------- ##

configure:2173: checking for gcc
configure:2189: found /usr/bin/gcc
configure:2200: result: gcc
configure:2429: checking for C compiler version
configure:2438: gcc --version >&5
gcc (GCC) 9.2.0
Copyright (C) 2019 Free Software Foundation, Inc.
This is free software; see the source for copying conditions.  There is NO
warranty; not even for MERCHANTABILITY or FITNESS FOR A PARTICULAR PURPOSE.

configure:2449: $? = 0
configure:2438: gcc -v >&5
Using built-in specs.
COLLECT_GCC=gcc
COLLECT_LTO_WRAPPER=/usr/lib/gcc/x86_64-pc-linux-gnu/9.2.0/lto-wrapper
Target: x86_64-pc-linux-gnu
Configured with: /build/gcc/src/gcc/configure --prefix=/usr --libdir=/usr/lib --libexecdir=/usr/lib --mandir=/usr/share/man --infodir=/usr/share/info --with-bugurl=https://bugs.archlinux.org/ --enable-languages=c,c++,ada,fortran,go,lto,objc,obj-c++,d --enable-shared --enable-threads=posix --with-system-zlib --with-isl --enable-__cxa_atexit --disable-libunwind-exceptions --enable-clocale=gnu --disable-libstdcxx-pch --disable-libssp --enable-gnu-unique-object --enable-linker-build-id --enable-lto --enable-plugin --enable-install-libiberty --with-linker-hash-style=gnu --enable-gnu-indirect-function --enable-multilib --disable-werror --enable-checking=release --enable-default-pie --enable-default-ssp --enable-cet=auto gdc_include_dir=/usr/include/dlang/gdc
Thread model: posix
gcc version 9.2.0 (GCC) 
configure:2449: $? = 0
configure:2438: gcc -V >&5
gcc: error: unrecognized command line option '-V'
gcc: fatal error: no input files
compilation terminated.
configure:2449: $? = 1
configure:2438: gcc -qversion >&5
gcc: error: unrecognized command line option '-qversion'; did you mean '--version'?
gcc: fatal error: no input files
compilation terminated.
configure:2449: $? = 1
configure:2469: checking whether the C compiler works
configure:2491: gcc    conftest.c  >&5
configure:2495: $? = 0
configure:2543: result: yes
configure:2546: checking for C compiler default output file name
configure:2548: result: a.out
configure:2554: checking for suffix of executables
configure:2561: gcc -o conftest    conftest.c  >&5
configure:2565: $? = 0
configure:2587: result: 
configure:2609: checking whether we are cross compiling
configure:2617: gcc -o conftest    conftest.c  >&5
configure:2621: $? = 0
configure:2628: ./conftest
configure:2632: $? = 0
configure:2620: result: no
configure:2625: checking for suffix of object files
configure:2647: gcc -c   conftest.c >&5
configure:2651: $? = 0
configure:2672: result: o
configure:2676: checking whether we are using the GNU C compiler
configure:2695: gcc -c   conftest.c >&5
configure:2695: $? = 0
configure:2704: result: yes
configure:2713: checking whether gcc accepts -g
configure:2733: gcc -c -g  conftest.c >&5
configure:2733: $? = 0
configure:2774: result: yes
configure:2791: checking for gcc option to accept ISO C89
configure:2855: gcc  -c -g -O2  conftest.c >&5
configure:2855: $? = 0
configure:2868: result: none needed
configure:2931: checking for ranlib
configure:2947: found /usr/bin/ranlib
configure:2958: result: ranlib
configure:2981: checking for grep that handles long lines and -e
configure:3039: result: /usr/bin/grep
configure:3064: checking for C compiler warning flags
configure:3177: result: -Wall
configure:3318: checking for pkg-config
configure:3336: found /usr/bin/pkg-config
configure:3348: result: /usr/bin/pkg-config
configure:3373: checking pkg-config is at least version 0.9.0
configure:3376: result: yes
configure:3415: checking for special C compiler options needed for large files
configure:3460: result: no
configure:3466: checking for _FILE_OFFSET_BITS value needed for large files
configure:3491: gcc -c  -Wall -g -O2  conftest.c >&5
configure:3491: $? = 0
configure:3523: result: no
configure:3687: checking shared library type for unknown-Linux
configure:3715: result: plain .so
configure:3726: checking whether the compiler accepts -fvisibility=hidden
configure:3746: gcc -o conftest  -Wall -g -O2 -fvisibility=hidden   -fvisibility=hidden conftest.c  >&5
configure:3746: $? = 0
configure:3760: result: yes
configure:3816: checking how to run the C preprocessor
configure:3847: gcc -E  conftest.c
configure:3847: $? = 0
configure:3861: gcc -E  conftest.c
conftest.c:9:10: fatal error: ac_nonexistent.h: No such file or directory
    9 | #include <ac_nonexistent.h>
      |          ^~~~~~~~~~~~~~~~~~
compilation terminated.
configure:3861: $? = 1
configure: failed program was:
| /* confdefs.h */
| #define PACKAGE_NAME "HTSlib"
| #define PACKAGE_TARNAME "htslib"
| #define PACKAGE_VERSION "1.10.2"
| #define PACKAGE_STRING "HTSlib 1.10.2"
| #define PACKAGE_BUGREPORT "samtools-help@lists.sourceforge.net"
| #define PACKAGE_URL "http://www.htslib.org/"
| /* end confdefs.h.  */
| #include <ac_nonexistent.h>
configure:3886: result: gcc -E
configure:3906: gcc -E  conftest.c
configure:3906: $? = 0
configure:3920: gcc -E  conftest.c
conftest.c:9:10: fatal error: ac_nonexistent.h: No such file or directory
    9 | #include <ac_nonexistent.h>
      |          ^~~~~~~~~~~~~~~~~~
compilation terminated.
configure:3920: $? = 1
configure: failed program was:
| /* confdefs.h */
| #define PACKAGE_NAME "HTSlib"
| #define PACKAGE_TARNAME "htslib"
| #define PACKAGE_VERSION "1.10.2"
| #define PACKAGE_STRING "HTSlib 1.10.2"
| #define PACKAGE_BUGREPORT "samtools-help@lists.sourceforge.net"
| #define PACKAGE_URL "http://www.htslib.org/"
| /* end confdefs.h.  */
| #include <ac_nonexistent.h>
configure:3949: checking for egrep
configure:4011: result: /usr/bin/grep -E
configure:4016: checking for ANSI C header files
configure:4036: gcc -c  -Wall -g -O2 -fvisibility=hidden  conftest.c >&5
configure:4036: $? = 0
configure:4109: gcc -o conftest  -Wall -g -O2 -fvisibility=hidden   -fvisibility=hidden conftest.c  >&5
configure:4109: $? = 0
configure:4109: ./conftest
configure:4109: $? = 0
configure:4120: result: yes
configure:4133: checking for sys/types.h
configure:4133: gcc -c  -Wall -g -O2 -fvisibility=hidden  conftest.c >&5
configure:4133: $? = 0
configure:4133: result: yes
configure:4133: checking for sys/stat.h
configure:4133: gcc -c  -Wall -g -O2 -fvisibility=hidden  conftest.c >&5
configure:4133: $? = 0
configure:4133: result: yes
configure:4133: checking for stdlib.h
configure:4133: gcc -c  -Wall -g -O2 -fvisibility=hidden  conftest.c >&5
configure:4133: $? = 0
configure:4133: result: yes
configure:4133: checking for string.h
configure:4133: gcc -c  -Wall -g -O2 -fvisibility=hidden  conftest.c >&5
configure:4133: $? = 0
configure:4133: result: yes
configure:4133: checking for memory.h
configure:4133: gcc -c  -Wall -g -O2 -fvisibility=hidden  conftest.c >&5
configure:4133: $? = 0
configure:4133: result: yes
configure:4133: checking for strings.h
configure:4133: gcc -c  -Wall -g -O2 -fvisibility=hidden  conftest.c >&5
configure:4133: $? = 0
configure:4133: result: yes
configure:4133: checking for inttypes.h
configure:4133: gcc -c  -Wall -g -O2 -fvisibility=hidden  conftest.c >&5
configure:4133: $? = 0
configure:4133: result: yes
configure:4133: checking for stdint.h
configure:4133: gcc -c  -Wall -g -O2 -fvisibility=hidden  conftest.c >&5
configure:4133: $? = 0
configure:4133: result: yes
configure:4133: checking for unistd.h
configure:4133: gcc -c  -Wall -g -O2 -fvisibility=hidden  conftest.c >&5
configure:4133: $? = 0
configure:4133: result: yes
configure:4151: checking for stdlib.h
configure:4151: result: yes
configure:4151: checking for unistd.h
configure:4151: result: yes
configure:4151: checking for sys/param.h
configure:4151: gcc -c  -Wall -g -O2 -fvisibility=hidden  conftest.c >&5
configure:4151: $? = 0
configure:4151: result: yes
configure:4171: checking for getpagesize
configure:4171: gcc -o conftest  -Wall -g -O2 -fvisibility=hidden   -fvisibility=hidden conftest.c  >&5
configure:4171: $? = 0
configure:4171: result: yes
configure:4180: checking for working mmap
configure:4327: gcc -o conftest  -Wall -g -O2 -fvisibility=hidden   -fvisibility=hidden conftest.c  >&5
configure:4327: $? = 0
configure:4327: ./conftest
configure:4327: $? = 0
configure:4337: result: yes
configure:4349: checking for gmtime_r
configure:4349: gcc -o conftest  -Wall -g -O2 -fvisibility=hidden   -fvisibility=hidden conftest.c  >&5
configure:4349: $? = 0
configure:4349: result: yes
configure:4349: checking for fsync
configure:4349: gcc -o conftest  -Wall -g -O2 -fvisibility=hidden   -fvisibility=hidden conftest.c  >&5
configure:4349: $? = 0
configure:4349: result: yes
configure:4349: checking for drand48
configure:4349: gcc -o conftest  -Wall -g -O2 -fvisibility=hidden   -fvisibility=hidden conftest.c  >&5
configure:4349: $? = 0
configure:4349: result: yes
configure:4361: checking whether fdatasync is declared
configure:4361: gcc -c  -Wall -g -O2 -fvisibility=hidden  conftest.c >&5
configure:4361: $? = 0
configure:4361: result: yes
configure:4365: checking for fdatasync
configure:4365: gcc -o conftest  -Wall -g -O2 -fvisibility=hidden   -fvisibility=hidden conftest.c  >&5
configure:4365: $? = 0
configure:4365: result: yes
configure:4500: checking for library containing log
configure:4531: gcc -o conftest  -Wall -g -O2 -fvisibility=hidden   -fvisibility=hidden conftest.c  >&5
conftest.c:35:6: warning: conflicting types for built-in function 'log'; expected 'double(double)' [-Wbuiltin-declaration-mismatch]
   35 | char log ();
      |      ^~~
conftest.c:1:1: note: 'log' is declared in header '<math.h>'
    1 | /* confdefs.h */
/usr/bin/ld: /tmp/ccUBR5Dh.o: in function `main':
/home/romain/work/code/PSASS/include/htslib/conftest.c:39: undefined reference to `log'
collect2: error: ld returned 1 exit status
configure:4531: $? = 1
configure: failed program was:
| /* confdefs.h */
| #define PACKAGE_NAME "HTSlib"
| #define PACKAGE_TARNAME "htslib"
| #define PACKAGE_VERSION "1.10.2"
| #define PACKAGE_STRING "HTSlib 1.10.2"
| #define PACKAGE_BUGREPORT "samtools-help@lists.sourceforge.net"
| #define PACKAGE_URL "http://www.htslib.org/"
| #define STDC_HEADERS 1
| #define HAVE_SYS_TYPES_H 1
| #define HAVE_SYS_STAT_H 1
| #define HAVE_STDLIB_H 1
| #define HAVE_STRING_H 1
| #define HAVE_MEMORY_H 1
| #define HAVE_STRINGS_H 1
| #define HAVE_INTTYPES_H 1
| #define HAVE_STDINT_H 1
| #define HAVE_UNISTD_H 1
| #define HAVE_STDLIB_H 1
| #define HAVE_UNISTD_H 1
| #define HAVE_SYS_PARAM_H 1
| #define HAVE_GETPAGESIZE 1
| #define HAVE_MMAP 1
| #define HAVE_GMTIME_R 1
| #define HAVE_FSYNC 1
| #define HAVE_DRAND48 1
| #define HAVE_FDATASYNC 1
| /* end confdefs.h.  */
| 
| /* Override any GCC internal prototype to avoid an error.
|    Use char because int might match the return type of a GCC
|    builtin and then its argument prototype would still apply.  */
| #ifdef __cplusplus
| extern "C"
| #endif
| char log ();
| int
| main ()
| {
| return log ();
|   ;
|   return 0;
| }
configure:4531: gcc -o conftest  -Wall -g -O2 -fvisibility=hidden   -fvisibility=hidden conftest.c -lm   >&5
conftest.c:35:6: warning: conflicting types for built-in function 'log'; expected 'double(double)' [-Wbuiltin-declaration-mismatch]
   35 | char log ();
      |      ^~~
conftest.c:1:1: note: 'log' is declared in header '<math.h>'
    1 | /* confdefs.h */
configure:4531: $? = 0
configure:4548: result: -lm
configure:4568: checking for zlib.h
configure:4568: gcc -c  -Wall -g -O2 -fvisibility=hidden  conftest.c >&5
configure:4568: $? = 0
configure:4568: result: yes
configure:4577: checking for inflate in -lz
configure:4602: gcc -o conftest  -Wall -g -O2 -fvisibility=hidden   -fvisibility=hidden conftest.c -lz  -lm  >&5
configure:4602: $? = 0
configure:4611: result: yes
configure:4642: checking for library containing recv
configure:4673: gcc -o conftest  -Wall -g -O2 -fvisibility=hidden   -fvisibility=hidden conftest.c -lz -lm  >&5
configure:4673: $? = 0
configure:4690: result: none required
configure:4712: checking for bzlib.h
configure:4712: gcc -c  -Wall -g -O2 -fvisibility=hidden  conftest.c >&5
configure:4712: $? = 0
configure:4712: result: yes
configure:4721: checking for BZ2_bzBuffToBuffCompress in -lbz2
configure:4746: gcc -o conftest  -Wall -g -O2 -fvisibility=hidden   -fvisibility=hidden conftest.c -lbz2  -lz -lm  >&5
configure:4746: $? = 0
configure:4755: result: yes
configure:4799: checking for lzma.h
configure:4799: gcc -c  -Wall -g -O2 -fvisibility=hidden  conftest.c >&5
configure:4799: $? = 0
configure:4799: result: yes
configure:4812: checking for lzma_easy_buffer_encode in -llzma
configure:4837: gcc -o conftest  -Wall -g -O2 -fvisibility=hidden   -fvisibility=hidden conftest.c -llzma  -lbz2 -lz -lm  >&5
configure:4837: $? = 0
configure:4846: result: yes
configure:4884: checking for libdeflate.h
configure:4884: gcc -c  -Wall -g -O2 -fvisibility=hidden  conftest.c >&5
conftest.c:34:10: fatal error: libdeflate.h: No such file or directory
   34 | #include <libdeflate.h>
      |          ^~~~~~~~~~~~~~
compilation terminated.
configure:4884: $? = 1
configure: failed program was:
| /* confdefs.h */
| #define PACKAGE_NAME "HTSlib"
| #define PACKAGE_TARNAME "htslib"
| #define PACKAGE_VERSION "1.10.2"
| #define PACKAGE_STRING "HTSlib 1.10.2"
| #define PACKAGE_BUGREPORT "samtools-help@lists.sourceforge.net"
| #define PACKAGE_URL "http://www.htslib.org/"
| #define STDC_HEADERS 1
| #define HAVE_SYS_TYPES_H 1
| #define HAVE_SYS_STAT_H 1
| #define HAVE_STDLIB_H 1
| #define HAVE_STRING_H 1
| #define HAVE_MEMORY_H 1
| #define HAVE_STRINGS_H 1
| #define HAVE_INTTYPES_H 1
| #define HAVE_STDINT_H 1
| #define HAVE_UNISTD_H 1
| #define HAVE_STDLIB_H 1
| #define HAVE_UNISTD_H 1
| #define HAVE_SYS_PARAM_H 1
| #define HAVE_GETPAGESIZE 1
| #define HAVE_MMAP 1
| #define HAVE_GMTIME_R 1
| #define HAVE_FSYNC 1
| #define HAVE_DRAND48 1
| #define HAVE_FDATASYNC 1
| #define HAVE_LIBZ 1
| #define HAVE_LIBBZ2 1
| #define HAVE_LZMA_H 1
| #define HAVE_LIBLZMA 1
| /* end confdefs.h.  */
| ;
| 
| #include <libdeflate.h>
configure:4884: result: no
configure:4893: checking for libdeflate_deflate_compress in -ldeflate
configure:4918: gcc -o conftest  -Wall -g -O2 -fvisibility=hidden   -fvisibility=hidden conftest.c -ldeflate  -llzma -lbz2 -lz -lm  >&5
/usr/bin/ld: cannot find -ldeflate
collect2: error: ld returned 1 exit status
configure:4918: $? = 1
configure: failed program was:
| /* confdefs.h */
| #define PACKAGE_NAME "HTSlib"
| #define PACKAGE_TARNAME "htslib"
| #define PACKAGE_VERSION "1.10.2"
| #define PACKAGE_STRING "HTSlib 1.10.2"
| #define PACKAGE_BUGREPORT "samtools-help@lists.sourceforge.net"
| #define PACKAGE_URL "http://www.htslib.org/"
| #define STDC_HEADERS 1
| #define HAVE_SYS_TYPES_H 1
| #define HAVE_SYS_STAT_H 1
| #define HAVE_STDLIB_H 1
| #define HAVE_STRING_H 1
| #define HAVE_MEMORY_H 1
| #define HAVE_STRINGS_H 1
| #define HAVE_INTTYPES_H 1
| #define HAVE_STDINT_H 1
| #define HAVE_UNISTD_H 1
| #define HAVE_STDLIB_H 1
| #define HAVE_UNISTD_H 1
| #define HAVE_SYS_PARAM_H 1
| #define HAVE_GETPAGESIZE 1
| #define HAVE_MMAP 1
| #define HAVE_GMTIME_R 1
| #define HAVE_FSYNC 1
| #define HAVE_DRAND48 1
| #define HAVE_FDATASYNC 1
| #define HAVE_LIBZ 1
| #define HAVE_LIBBZ2 1
| #define HAVE_LZMA_H 1
| #define HAVE_LIBLZMA 1
| /* end confdefs.h.  */
| 
| /* Override any GCC internal prototype to avoid an error.
|    Use char because int might match the return type of a GCC
|    builtin and then its argument prototype would still apply.  */
| #ifdef __cplusplus
| extern "C"
| #endif
| char libdeflate_deflate_compress ();
| int
| main ()
| {
| return libdeflate_deflate_compress ();
|   ;
|   return 0;
| }
configure:4927: result: no
configure:5088: WARNING: GCS support not enabled: requires libcurl support
configure:5112: WARNING: S3 support not enabled: requires libcurl support
configure:5227: checking whether PTHREAD_MUTEX_RECURSIVE is declared
configure:5227: gcc -c  -Wall -g -O2 -fvisibility=hidden  conftest.c >&5
configure:5227: $? = 0
configure:5227: result: yes
configure:5364: creating ./config.status

## ---------------------- ##
## Running config.status. ##
## ---------------------- ##

This file was extended by HTSlib config.status 1.10.2, which was
generated by GNU Autoconf 2.68.  Invocation command line was

  CONFIG_FILES    = 
  CONFIG_HEADERS  = 
  CONFIG_LINKS    = 
  CONFIG_COMMANDS = 
  $ ./config.status 

on romain-laptop

config.status:837: creating config.mk
config.status:837: creating htslib.pc.tmp
config.status:837: creating config.h

## ---------------- ##
## Cache variables. ##
## ---------------- ##

ac_cv_c_compiler_gnu=yes
ac_cv_env_CC_set=
ac_cv_env_CC_value=
ac_cv_env_CFLAGS_set=
ac_cv_env_CFLAGS_value=
ac_cv_env_CPPFLAGS_set=
ac_cv_env_CPPFLAGS_value=
ac_cv_env_CPP_set=
ac_cv_env_CPP_value=
ac_cv_env_LDFLAGS_set=
ac_cv_env_LDFLAGS_value=
ac_cv_env_LIBS_set=
ac_cv_env_LIBS_value=
ac_cv_env_PKG_CONFIG_LIBDIR_set=
ac_cv_env_PKG_CONFIG_LIBDIR_value=
ac_cv_env_PKG_CONFIG_PATH_set=
ac_cv_env_PKG_CONFIG_PATH_value=
ac_cv_env_PKG_CONFIG_set=
ac_cv_env_PKG_CONFIG_value=
ac_cv_env_build_alias_set=
ac_cv_env_build_alias_value=
ac_cv_env_host_alias_set=
ac_cv_env_host_alias_value=
ac_cv_env_target_alias_set=
ac_cv_env_target_alias_value=
ac_cv_func_drand48=yes
ac_cv_func_fdatasync=yes
ac_cv_func_fsync=yes
ac_cv_func_getpagesize=yes
ac_cv_func_gmtime_r=yes
ac_cv_func_mmap_fixed_mapped=yes
ac_cv_have_decl_PTHREAD_MUTEX_RECURSIVE=yes
ac_cv_have_decl_fdatasync_int_=yes
ac_cv_header_bzlib_h=yes
ac_cv_header_inttypes_h=yes
ac_cv_header_libdeflate_h=no
ac_cv_header_lzma_h=yes
ac_cv_header_memory_h=yes
ac_cv_header_stdc=yes
ac_cv_header_stdint_h=yes
ac_cv_header_stdlib_h=yes
ac_cv_header_string_h=yes
ac_cv_header_strings_h=yes
ac_cv_header_sys_param_h=yes
ac_cv_header_sys_stat_h=yes
ac_cv_header_sys_types_h=yes
ac_cv_header_unistd_h=yes
ac_cv_header_zlib_h=yes
ac_cv_lib_bz2_BZ2_bzBuffToBuffCompress=yes
ac_cv_lib_deflate_libdeflate_deflate_compress=no
ac_cv_lib_lzma_lzma_easy_buffer_encode=yes
ac_cv_lib_z_inflate=yes
ac_cv_objext=o
ac_cv_path_EGREP='/usr/bin/grep -E'
ac_cv_path_GREP=/usr/bin/grep
ac_cv_path_ac_pt_PKG_CONFIG=/usr/bin/pkg-config
ac_cv_prog_CPP='gcc -E'
ac_cv_prog_ac_ct_CC=gcc
ac_cv_prog_ac_ct_RANLIB=ranlib
ac_cv_prog_cc_c89=
ac_cv_prog_cc_g=yes
ac_cv_search_log=-lm
ac_cv_search_recv='none required'
ac_cv_sys_file_offset_bits=no
ac_cv_sys_largefile_CC=no
as_hts_cv_check_flag=hts_cv_check__fvisibility_hidden
hts_cv_check__fvisibility_hidden=yes
hts_cv_prog_cc_warnings=-Wall

## ----------------- ##
## Output variables. ##
## ----------------- ##

CC='gcc'
CFLAGS=' -Wall -g -O2 -fvisibility=hidden'
CPP='gcc -E'
CPPFLAGS=''
CRYPTO_LIBS=''
DEFS='-DHAVE_CONFIG_H'
ECHO_C=''
ECHO_N='-n'
ECHO_T=''
EGREP='/usr/bin/grep -E'
EXEEXT=''
GREP='/usr/bin/grep'
LDFLAGS=' -fvisibility=hidden'
LIBOBJS=''
LIBS='-llzma -lbz2 -lz -lm '
LTLIBOBJS=''
OBJEXT='o'
PACKAGE_BUGREPORT='samtools-help@lists.sourceforge.net'
PACKAGE_NAME='HTSlib'
PACKAGE_STRING='HTSlib 1.10.2'
PACKAGE_TARNAME='htslib'
PACKAGE_URL='http://www.htslib.org/'
PACKAGE_VERSION='1.10.2'
PATH_SEPARATOR=':'
PKG_CONFIG='/usr/bin/pkg-config'
PKG_CONFIG_LIBDIR=''
PKG_CONFIG_PATH=''
PLATFORM='default'
PLUGIN_EXT='.so'
RANLIB='ranlib'
SHELL='/bin/sh'
ac_ct_CC='gcc'
bindir='${exec_prefix}/bin'
build_alias=''
datadir='${datarootdir}'
datarootdir='${prefix}/share'
docdir='${datarootdir}/doc/${PACKAGE_TARNAME}'
dvidir='${docdir}'
enable_plugins='no'
exec_prefix='${prefix}'
gcs='disabled'
host_alias='unknown-Linux'
htmldir='${docdir}'
includedir='${prefix}/include'
infodir='${datarootdir}/info'
libcurl='disabled'
libdir='${exec_prefix}/lib'
libexecdir='${exec_prefix}/libexec'
localedir='${datarootdir}/locale'
localstatedir='${prefix}/var'
mandir='${datarootdir}/man'
oldincludedir='/usr/include'
pc_requires=' liblzma'
pdfdir='${docdir}'
plugindir='$(libexecdir)/htslib'
pluginpath='$(libexecdir)/htslib'
prefix='/usr/local'
private_LIBS=' -lbz2'
program_transform_name='s,x,x,'
psdir='${docdir}'
s3='disabled'
sbindir='${exec_prefix}/sbin'
sharedstatedir='${prefix}/com'
static_LDFLAGS=''
static_LIBS='-lpthread -lz -lm -lbz2 -llzma'
sysconfdir='${prefix}/etc'
target_alias=''

## ----------- ##
## confdefs.h. ##
## ----------- ##

/* confdefs.h */
#define PACKAGE_NAME "HTSlib"
#define PACKAGE_TARNAME "htslib"
#define PACKAGE_VERSION "1.10.2"
#define PACKAGE_STRING "HTSlib 1.10.2"
#define PACKAGE_BUGREPORT "samtools-help@lists.sourceforge.net"
#define PACKAGE_URL "http://www.htslib.org/"
#define STDC_HEADERS 1
#define HAVE_SYS_TYPES_H 1
#define HAVE_SYS_STAT_H 1
#define HAVE_STDLIB_H 1
#define HAVE_STRING_H 1
#define HAVE_MEMORY_H 1
#define HAVE_STRINGS_H 1
#define HAVE_INTTYPES_H 1
#define HAVE_STDINT_H 1
#define HAVE_UNISTD_H 1
#define HAVE_STDLIB_H 1
#define HAVE_UNISTD_H 1
#define HAVE_SYS_PARAM_H 1
#define HAVE_GETPAGESIZE 1
#define HAVE_MMAP 1
#define HAVE_GMTIME_R 1
#define HAVE_FSYNC 1
#define HAVE_DRAND48 1
#define HAVE_FDATASYNC 1
#define HAVE_LIBZ 1
#define HAVE_LIBBZ2 1
#define HAVE_LZMA_H 1
#define HAVE_LIBLZMA 1

configure: exit 0
